TN:
SF:controllers/AuthController.js
FN:11,(anonymous_0)
FN:50,(anonymous_1)
FN:98,(anonymous_2)
FNF:3
FNH:2
FNDA:2,(anonymous_0)
FNDA:2,(anonymous_1)
FNDA:0,(anonymous_2)
DA:1,5
DA:2,5
DA:3,5
DA:4,5
DA:5,5
DA:7,5
DA:12,2
DA:13,2
DA:15,2
DA:16,0
DA:21,2
DA:28,2
DA:33,2
DA:46,0
DA:51,2
DA:52,2
DA:54,2
DA:56,2
DA:57,1
DA:62,1
DA:63,0
DA:68,1
DA:70,1
DA:71,0
DA:76,1
DA:81,1
DA:94,0
DA:99,0
DA:100,0
DA:102,0
DA:103,0
DA:107,0
DA:112,0
DA:115,0
DA:120,0
DA:122,0
DA:133,0
DA:134,0
DA:143,0
DA:151,0
DA:152,0
DA:161,0
DA:168,0
DA:169,0
DA:175,5
LF:45
LH:23
BRDA:15,0,0,0
BRDA:15,0,1,2
BRDA:56,1,0,1
BRDA:56,1,1,1
BRDA:62,2,0,0
BRDA:62,2,1,1
BRDA:62,3,0,1
BRDA:62,3,1,0
BRDA:70,4,0,0
BRDA:70,4,1,1
BRDA:102,5,0,0
BRDA:102,5,1,0
BRDA:120,6,0,0
BRDA:120,6,1,0
BRF:14
BRH:6
end_of_record
TN:
SF:controllers/CommentController.js
FN:6,(anonymous_0)
FN:49,(anonymous_1)
FN:86,(anonymous_2)
FNF:3
FNH:3
FNDA:8,(anonymous_0)
FNDA:4,(anonymous_1)
FNDA:3,(anonymous_2)
DA:1,5
DA:7,8
DA:8,8
DA:11,8
DA:14,8
DA:16,8
DA:17,1
DA:22,7
DA:29,6
DA:38,6
DA:44,1
DA:50,4
DA:51,4
DA:54,4
DA:56,4
DA:57,1
DA:62,3
DA:73,3
DA:81,0
DA:87,3
DA:88,3
DA:89,3
DA:91,3
DA:93,3
DA:94,1
DA:100,2
DA:101,1
DA:106,1
DA:108,1
DA:113,0
DA:119,5
LF:31
LH:29
BRDA:16,0,0,1
BRDA:16,0,1,7
BRDA:56,1,0,1
BRDA:56,1,1,3
BRDA:93,2,0,1
BRDA:93,2,1,2
BRDA:100,3,0,1
BRDA:100,3,1,1
BRF:8
BRH:8
end_of_record
TN:
SF:controllers/MissingPetController.js
FN:8,(anonymous_0)
FN:72,(anonymous_1)
FN:96,(anonymous_2)
FN:144,(anonymous_3)
FN:185,(anonymous_4)
FN:231,(anonymous_5)
FN:239,(anonymous_6)
FNF:7
FNH:3
FNDA:0,(anonymous_0)
FNDA:1,(anonymous_1)
FNDA:2,(anonymous_2)
FNDA:3,(anonymous_3)
FNDA:0,(anonymous_4)
FNDA:0,(anonymous_5)
FNDA:0,(anonymous_6)
DA:1,5
DA:2,5
DA:3,5
DA:9,0
DA:18,0
DA:21,0
DA:23,0
DA:25,0
DA:26,0
DA:29,0
DA:30,0
DA:33,0
DA:38,0
DA:39,0
DA:42,0
DA:56,0
DA:66,0
DA:67,0
DA:73,1
DA:74,1
DA:84,1
DA:91,0
DA:97,2
DA:98,2
DA:100,2
DA:127,2
DA:128,1
DA:133,1
DA:139,0
DA:145,3
DA:146,3
DA:147,3
DA:148,3
DA:151,3
DA:152,3
DA:153,1
DA:158,2
DA:160,2
DA:161,0
DA:167,2
DA:168,1
DA:173,1
DA:175,1
DA:181,0
DA:186,0
DA:187,0
DA:188,0
DA:192,0
DA:215,0
DA:216,0
DA:222,0
DA:223,0
DA:228,0
DA:229,0
DA:230,0
DA:231,0
DA:232,0
DA:236,0
DA:237,0
DA:238,0
DA:239,0
DA:240,0
DA:245,0
DA:272,0
DA:276,0
DA:278,0
DA:281,0
DA:283,0
DA:292,0
DA:293,0
DA:300,5
LF:71
LH:26
BRDA:25,0,0,0
BRDA:25,0,1,0
BRDA:59,1,0,0
BRDA:59,1,1,0
BRDA:127,2,0,1
BRDA:127,2,1,1
BRDA:152,3,0,1
BRDA:152,3,1,2
BRDA:160,4,0,0
BRDA:160,4,1,2
BRDA:167,5,0,1
BRDA:167,5,1,1
BRDA:215,6,0,0
BRDA:215,6,1,0
BRDA:222,7,0,0
BRDA:222,7,1,0
BRDA:229,8,0,0
BRDA:229,8,1,0
BRDA:229,9,0,0
BRDA:229,9,1,0
BRDA:232,10,0,0
BRDA:232,10,1,0
BRDA:237,11,0,0
BRDA:237,11,1,0
BRDA:237,12,0,0
BRDA:237,12,1,0
BRDA:240,13,0,0
BRDA:240,13,1,0
BRDA:240,14,0,0
BRDA:240,14,1,0
BRDA:252,15,0,0
BRDA:252,15,1,0
BRDA:287,16,0,0
BRDA:287,16,1,0
BRDA:288,17,0,0
BRDA:288,17,1,0
BRF:36
BRH:7
end_of_record
TN:
SF:controllers/SightingController.js
FN:6,(anonymous_0)
FN:64,(anonymous_1)
FNF:2
FNH:2
FNDA:4,(anonymous_0)
FNDA:3,(anonymous_1)
DA:1,5
DA:7,4
DA:13,4
DA:16,4
DA:19,4
DA:21,4
DA:22,1
DA:28,3
DA:29,1
DA:34,2
DA:44,2
DA:53,2
DA:59,0
DA:65,3
DA:66,3
DA:69,3
DA:71,3
DA:72,1
DA:77,2
DA:88,2
DA:96,0
DA:102,5
LF:22
LH:20
BRDA:21,0,0,1
BRDA:21,0,1,3
BRDA:28,1,0,1
BRDA:28,1,1,2
BRDA:71,2,0,1
BRDA:71,2,1,2
BRF:6
BRH:6
end_of_record
TN:
SF:helpers/bcrypt.js
FN:3,hashPassword
FN:8,comparePassword
FNF:2
FNH:2
FNDA:2,hashPassword
FNDA:2,comparePassword
DA:1,6
DA:4,2
DA:5,2
DA:9,2
DA:12,6
LF:5
LH:5
BRF:0
BRH:0
end_of_record
TN:
SF:helpers/gemini.js
FN:12,generateContent
FNF:1
FNH:0
FNDA:0,generateContent
DA:1,5
DA:4,5
DA:5,5
DA:6,5
DA:8,5
DA:10,5
DA:13,0
DA:14,0
DA:16,0
DA:17,0
DA:19,0
DA:22,0
DA:25,0
DA:26,0
DA:29,0
DA:33,5
LF:16
LH:7
BRDA:4,0,0,5
BRDA:4,0,1,0
BRDA:25,1,0,0
BRDA:25,1,1,0
BRDA:25,2,0,0
BRDA:25,2,1,0
BRF:6
BRH:1
end_of_record
TN:
SF:helpers/jwt.js
FN:3,createToken
FN:7,verifyToken
FNF:2
FNH:2
FNDA:33,createToken
FNDA:20,verifyToken
DA:1,6
DA:4,33
DA:8,20
DA:11,6
LF:4
LH:4
BRDA:3,0,0,33
BRF:1
BRH:1
end_of_record
TN:
SF:middlewares/authentication.js
FN:4,authentication
FNF:1
FNH:1
FNDA:24,authentication
DA:1,5
DA:2,5
DA:5,24
DA:7,24
DA:9,24
DA:10,5
DA:17,19
DA:18,19
DA:20,0
DA:23,19
DA:26,19
DA:27,18
DA:30,18
DA:32,18
DA:33,0
DA:38,18
DA:41,18
DA:49,18
DA:52,1
DA:53,1
DA:55,1
DA:56,1
DA:59,0
DA:60,0
DA:64,0
DA:71,5
LF:26
LH:21
BRDA:9,0,0,5
BRDA:9,0,1,19
BRDA:17,1,0,19
BRDA:17,1,1,0
BRDA:32,2,0,0
BRDA:32,2,1,18
BRDA:55,3,0,1
BRDA:55,3,1,0
BRDA:59,4,0,0
BRDA:59,4,1,0
BRF:10
BRH:5
end_of_record
TN:
SF:middlewares/errorHandler.js
FN:3,(anonymous_0)
FNF:1
FNH:1
FNDA:1,(anonymous_0)
DA:3,5
DA:4,1
DA:5,1
DA:8,1
DA:15,5
LF:5
LH:5
BRDA:8,0,0,1
BRDA:8,0,1,1
BRDA:10,1,0,1
BRDA:10,1,1,0
BRDA:11,2,0,1
BRDA:11,2,1,0
BRF:6
BRH:4
end_of_record
TN:
SF:middlewares/upload.js
FN:7,(anonymous_0)
FNF:1
FNH:0
FNDA:0,(anonymous_0)
DA:1,5
DA:4,5
DA:7,5
DA:8,0
DA:10,0
DA:11,0
DA:13,0
DA:18,5
DA:26,5
LF:9
LH:5
BRDA:10,0,0,0
BRDA:10,0,1,0
BRF:2
BRH:0
end_of_record
TN:
SF:models/comment.js
FN:4,(anonymous_0)
FN:11,(anonymous_1)
FNF:2
FNH:2
FNDA:6,(anonymous_0)
FNDA:6,(anonymous_1)
DA:2,6
DA:4,6
DA:12,6
DA:15,6
DA:21,6
DA:63,6
LF:6
LH:6
BRF:0
BRH:0
end_of_record
TN:
SF:models/missingpet.js
FN:4,(anonymous_0)
FN:11,(anonymous_1)
FNF:2
FNH:2
FNDA:6,(anonymous_0)
FNDA:6,(anonymous_1)
DA:2,6
DA:4,6
DA:12,6
DA:15,6
DA:18,6
DA:24,6
DA:139,6
LF:7
LH:7
BRF:0
BRH:0
end_of_record
TN:
SF:models/sighting.js
FN:4,(anonymous_0)
FN:11,(anonymous_1)
FNF:2
FNH:2
FNDA:6,(anonymous_0)
FNDA:6,(anonymous_1)
DA:2,6
DA:4,6
DA:12,6
DA:15,6
DA:21,6
DA:84,6
LF:6
LH:6
BRF:0
BRH:0
end_of_record
TN:
SF:models/user.js
FN:5,(anonymous_0)
FN:12,(anonymous_1)
FN:96,(anonymous_2)
FNF:3
FNH:3
FNDA:6,(anonymous_0)
FNDA:6,(anonymous_1)
FNDA:31,(anonymous_2)
DA:2,6
DA:3,6
DA:5,6
DA:13,6
DA:16,6
DA:19,6
DA:25,6
DA:96,6
DA:98,31
DA:99,31
DA:100,31
DA:101,31
DA:105,6
LF:13
LH:13
BRDA:98,0,0,31
BRDA:98,0,1,0
BRF:2
BRH:1
end_of_record
TN:
SF:routes/index.js
FN:29,(anonymous_0)
FNF:1
FNH:0
FNDA:0,(anonymous_0)
DA:1,5
DA:2,5
DA:3,5
DA:4,5
DA:5,5
DA:6,5
DA:7,5
DA:10,5
DA:11,5
DA:12,5
DA:15,5
DA:16,5
DA:17,5
DA:18,5
DA:21,5
DA:22,5
DA:23,5
DA:24,5
DA:25,5
DA:26,5
DA:29,5
DA:30,0
DA:33,5
LF:23
LH:22
BRF:0
BRH:0
end_of_record
